jzacsh@blackbox$ java ReadFiles11

Jonathan Zacsh <jzacsh@gmail.com>; COMP-171-801RL
pg 300; que. #8.22; due: 12/14  (lab# 11)

Write a program to create a file named Exercise8_22.txt if it does not exist
write one hundred integers created randomly into the file using text I/O.
Integers are separated by spaces in the file,. Read the data back from the
file and display the sorted data.

intended name of file? boop
File, boop.txt, did not exist. Creating it now...
The UNsorted, random array is:
76 35 23 150 115 137 4 9 99 117 234 30 213 248 67 36 86 112 299 70 261 64 1 173 153 98 253 64 131 213 269 19 148 102 57 168 159 234 200 219 282 58 103 190 152 169 171 259 234 155 236 267 149 297 90 161 254 161 293 256 52 152 70 284 32 258 145 18 90 179 250 112 219 13 0 161 266 122 128 266 112 281 282 196 18 36 206 96 138 12 221 99 290 274 152 23 107 109 4 287
The SORTED, array is:
299 297 293 290 287 284 282 282 281 274 269 267 266 266 261 259 258 256 254 253 250 248 236 234 234 234 221 219 219 213 213 206 200 196 190 179 173 171 169 168 161 161 161 159 155 153 152 152 152 150 149 148 145 138 137 131 128 122 117 115 112 112 112 109 107 103 102 99 99 98 96 90 90 86 76 70 70 67 64 64 58 57 52 36 36 35 32 30 23 23 19 18 18 13 12 9 4 4 1 0


jzacsh@blackbox$ java ReadFiles11

Jonathan Zacsh <jzacsh@gmail.com>; COMP-171-801RL
pg 300; que. #8.22; due: 12/14  (lab# 11)

Write a program to create a file named Exercise8_22.txt if it does not exist
write one hundred integers created randomly into the file using text I/O.
Integers are separated by spaces in the file,. Read the data back from the
file and display the sorted data.

intended name of file? boop
File, boop.txt, already exists, utilizing existing data...
The UNsorted, random array is:
76 35 23 150 115 137 4 9 99 117 234 30 213 248 67 36 86 112 299 70 261 64 1 173 153 98 253 64 131 213 269 19 148 102 57 168 159 234 200 219 282 58 103 190 152 169 171 259 234 155 236 267 149 297 90 161 254 161 293 256 52 152 70 284 32 258 145 18 90 179 250 112 219 13 0 161 266 122 128 266 112 281 282 196 18 36 206 96 138 12 221 99 290 274 152 23 107 109 4 287
The SORTED, array is:
299 297 293 290 287 284 282 282 281 274 269 267 266 266 261 259 258 256 254 253 250 248 236 234 234 234 221 219 219 213 213 206 200 196 190 179 173 171 169 168 161 161 161 159 155 153 152 152 152 150 149 148 145 138 137 131 128 122 117 115 112 112 112 109 107 103 102 99 99 98 96 90 90 86 76 70 70 67 64 64 58 57 52 36 36 35 32 30 23 23 19 18 18 13 12 9 4 4 1 0
